<?xml version="1.0" encoding="UTF-8"?>
<!-- Generated by org.testng.reporters.JUnitXMLReporter -->
<testsuite ignored="0" hostname="DESKTOP-80BT2CI" failures="0" tests="3" name="Default test" time="0.514" errors="0" timestamp="2023-08-25T09:09:14 CEST">
  <testcase classname="cubes.test.TestUpdateTag" name="@BeforeClass setUpBeforeClass" time="0.476">
    <failure type="java.lang.ExceptionInInitializerError">
      <![CDATA[java.lang.ExceptionInInitializerError
at org.openqa.selenium.remote.HttpCommandExecutor.getDefaultClientFactory(HttpCommandExecutor.java:61)
at org.openqa.selenium.remote.HttpCommandExecutor.<init>(HttpCommandExecutor.java:95)
at org.openqa.selenium.remote.service.DriverCommandExecutor.<init>(DriverCommandExecutor.java:89)
at org.openqa.selenium.chromium.ChromiumDriverCommandExecutor.<init>(ChromiumDriverCommandExecutor.java:43)
at org.openqa.selenium.chrome.ChromeDriver$ChromeDriverCommandExecutor.<init>(ChromeDriver.java:115)
at org.openqa.selenium.chrome.ChromeDriver.generateExecutor(ChromeDriver.java:105)
at org.openqa.selenium.chrome.ChromeDriver.<init>(ChromeDriver.java:88)
at org.openqa.selenium.chrome.ChromeDriver.<init>(ChromeDriver.java:83)
at org.openqa.selenium.chrome.ChromeDriver.<init>(ChromeDriver.java:51)
at cubes.test.TestUpdateTag.setUpBeforeClass(TestUpdateTag.java:28)
at java.base/jdk.internal.reflect.DirectMethodHandleAccessor.invoke(DirectMethodHandleAccessor.java:104)
at java.base/java.lang.reflect.Method.invoke(Method.java:578)
at org.testng.internal.MethodInvocationHelper.invokeMethod(MethodInvocationHelper.java:133)
at org.testng.internal.MethodInvocationHelper.invokeMethodConsideringTimeout(MethodInvocationHelper.java:62)
at org.testng.internal.ConfigInvoker.invokeConfigurationMethod(ConfigInvoker.java:385)
at org.testng.internal.ConfigInvoker.invokeConfigurations(ConfigInvoker.java:321)
at org.testng.internal.TestMethodWorker.invokeBeforeClassMethods(TestMethodWorker.java:176)
at org.testng.internal.TestMethodWorker.run(TestMethodWorker.java:122)
at java.base/java.util.ArrayList.forEach(ArrayList.java:1511)
at org.testng.TestRunner.privateRun(TestRunner.java:794)
at org.testng.TestRunner.run(TestRunner.java:596)
at org.testng.SuiteRunner.runTest(SuiteRunner.java:377)
at org.testng.SuiteRunner.runSequentially(SuiteRunner.java:371)
at org.testng.SuiteRunner.privateRun(SuiteRunner.java:332)
at org.testng.SuiteRunner.run(SuiteRunner.java:276)
at org.testng.SuiteRunnerWorker.runSuite(SuiteRunnerWorker.java:53)
at org.testng.SuiteRunnerWorker.run(SuiteRunnerWorker.java:96)
at org.testng.TestNG.runSuitesSequentially(TestNG.java:1212)
at org.testng.TestNG.runSuitesLocally(TestNG.java:1134)
at org.testng.TestNG.runSuites(TestNG.java:1063)
at org.testng.TestNG.run(TestNG.java:1031)
at org.testng.remote.AbstractRemoteTestNG.run(AbstractRemoteTestNG.java:115)
at org.testng.remote.RemoteTestNG.initAndRun(RemoteTestNG.java:251)
at org.testng.remote.RemoteTestNG.main(RemoteTestNG.java:77)
Caused by: java.lang.IllegalArgumentException: Unknown HttpClient factory jdk-http-client
at org.openqa.selenium.remote.http.HttpClient$Factory.create(HttpClient.java:57)
at org.openqa.selenium.remote.http.HttpClient$Factory.createDefault(HttpClient.java:74)
at org.openqa.selenium.remote.HttpCommandExecutor$DefaultClientFactoryHolder.<clinit>(HttpCommandExecutor.java:57)
... 34 more
]]>
    </failure>
  </testcase> <!-- @BeforeClass setUpBeforeClass -->
  <testcase classname="cubes.test.TestUpdateTag" name="@BeforeMethod setUp" time="-1.69294735458E9">
    <skipped/>
  </testcase> <!-- @BeforeMethod setUp -->
  <testcase classname="cubes.test.TestUpdateTag" name="@AfterMethod tearDown" time="-1.692947354584E9">
    <skipped/>
  </testcase> <!-- @AfterMethod tearDown -->
  <testcase classname="cubes.test.TestUpdateTag" name="@BeforeMethod setUp" time="-1.692947354585E9">
    <skipped/>
  </testcase> <!-- @BeforeMethod setUp -->
  <testcase classname="cubes.test.TestUpdateTag" name="@AfterMethod tearDown" time="-1.692947354587E9">
    <skipped/>
  </testcase> <!-- @AfterMethod tearDown -->
  <testcase classname="cubes.test.TestUpdateTag" name="@BeforeMethod setUp" time="-1.692947354588E9">
    <skipped/>
  </testcase> <!-- @BeforeMethod setUp -->
  <testcase classname="cubes.test.TestUpdateTag" name="@AfterMethod tearDown" time="-1.69294735459E9">
    <skipped/>
  </testcase> <!-- @AfterMethod tearDown -->
  <testcase classname="cubes.test.TestUpdateTag" name="@AfterClass tearDownAfterClass" time="-1.692947354591E9">
    <skipped/>
  </testcase> <!-- @AfterClass tearDownAfterClass -->
  <testcase classname="cubes.test.TestUpdateTag" name="tc1TestUpdateEmptyTagName" time="0.0">
    <skipped/>
  </testcase> <!-- tc1TestUpdateEmptyTagName -->
  <testcase classname="cubes.test.TestUpdateTag" name="tc2TestUpdateTagWithExistingName" time="0.0">
    <skipped/>
  </testcase> <!-- tc2TestUpdateTagWithExistingName -->
  <testcase classname="cubes.test.TestUpdateTag" name="tc3TestUpdateTagName" time="0.0">
    <skipped/>
  </testcase> <!-- tc3TestUpdateTagName -->
</testsuite> <!-- Default test -->
